<?xml version="1.0" encoding="UTF-8"?>
<testng-results skipped="0" failed="0" total="1" passed="1">
  <reporter-output>
  </reporter-output>
  <suite name="Suite" duration-ms="21759" started-at="2021-05-26T10:36:28Z" finished-at="2021-05-26T10:36:50Z">
    <groups>
    </groups>
    <test name="Test" duration-ms="21759" started-at="2021-05-26T10:36:28Z" finished-at="2021-05-26T10:36:50Z">
      <class name="test.NewTest">
        <test-method status="PASS" signature="beforeClass()[pri:0, instance:test.NewTest@b684286]" name="beforeClass" is-config="true" duration-ms="6189" started-at="2021-05-26T16:06:28Z" finished-at="2021-05-26T16:06:35Z">
          <reporter-output>
          </reporter-output>
        </test-method> <!-- beforeClass -->
        <test-method status="PASS" signature="openMyBlog()[pri:0, instance:test.NewTest@b684286]" name="openMyBlog" duration-ms="13589" started-at="2021-05-26T16:06:35Z" finished-at="2021-05-26T16:06:48Z">
          <reporter-output>
          </reporter-output>
        </test-method> <!-- openMyBlog -->
        <test-method status="PASS" signature="afterClass()[pri:0, instance:test.NewTest@b684286]" name="afterClass" is-config="true" duration-ms="1967" started-at="2021-05-26T16:06:48Z" finished-at="2021-05-26T16:06:50Z">
          <reporter-output>
          </reporter-output>
        </test-method> <!-- afterClass -->
      </class> <!-- test.NewTest -->
    </test> <!-- Test -->
  </suite> <!-- Suite -->
</testng-results>
