<?xml version="1.0" encoding="UTF-8"?>
<testng-results skipped="0" failed="0" total="1" passed="1">
  <reporter-output>
  </reporter-output>
  <suite name="Suite" duration-ms="45669" started-at="2021-05-25T16:41:40Z" finished-at="2021-05-25T16:42:26Z">
    <groups>
    </groups>
    <test name="Test" duration-ms="45669" started-at="2021-05-25T16:41:40Z" finished-at="2021-05-25T16:42:26Z">
      <class name="test.NewTest">
        <test-method status="PASS" signature="beforeClass()[pri:0, instance:test.NewTest@23ceabc1]" name="beforeClass" is-config="true" duration-ms="7902" started-at="2021-05-25T22:11:40Z" finished-at="2021-05-25T22:11:48Z">
          <reporter-output>
          </reporter-output>
        </test-method> <!-- beforeClass -->
        <test-method status="PASS" signature="openMyBlog()[pri:0, instance:test.NewTest@23ceabc1]" name="openMyBlog" duration-ms="36074" started-at="2021-05-25T22:11:48Z" finished-at="2021-05-25T22:12:24Z">
          <reporter-output>
          </reporter-output>
        </test-method> <!-- openMyBlog -->
        <test-method status="PASS" signature="afterClass()[pri:0, instance:test.NewTest@23ceabc1]" name="afterClass" is-config="true" duration-ms="1671" started-at="2021-05-25T22:12:24Z" finished-at="2021-05-25T22:12:26Z">
          <reporter-output>
          </reporter-output>
        </test-method> <!-- afterClass -->
      </class> <!-- test.NewTest -->
    </test> <!-- Test -->
  </suite> <!-- Suite -->
</testng-results>
